[11:08:44] [main/INFO]: Setting user: Player546
[11:08:45] [Client thread/INFO]: LWJGL Version: 2.9.0
[11:08:48] [Client thread/INFO]: Reloading ResourceManager: Default, FMLFileResourcePack:Forge Mod Loader, FMLFileResourcePack:Minecraft Forge, FMLFileResourcePack:DerpMod
[11:08:48] [Sound Library Loader/INFO]: Sound engine started
[11:08:50] [Client thread/INFO]: Created: 512x256 textures/blocks-atlas
[11:08:50] [Client thread/INFO]: Created: 256x256 textures/items-atlas
[11:08:50] [Client thread/INFO]: Reloading ResourceManager: Default, FMLFileResourcePack:Forge Mod Loader, FMLFileResourcePack:Minecraft Forge, FMLFileResourcePack:DerpMod
[11:08:50] [Client thread/INFO]: Created: 256x256 textures/items-atlas
[11:08:50] [Client thread/INFO]: Created: 512x256 textures/blocks-atlas
[11:08:51] [Sound Library Loader/INFO]: Sound engine started
[11:08:52] [MCO Availability Checker #1/ERROR]: Couldn't connect to Realms
[11:08:55] [Server thread/INFO]: Starting integrated minecraft server version 1.7.2
[11:08:55] [Server thread/INFO]: Generating keypair
[11:08:55] [Server thread/INFO]: Preparing start region for level 0
[11:08:56] [Server thread/INFO]: Player546[local:E:938b5202] logged in with entity id 0 at (-0.45384601105962363, 56.0, 0.8341267029865183)
[11:08:56] [Server thread/INFO]: Player546 joined the game
[11:08:57] [Server thread/INFO]: Player546 has just earned the achievement [Taking Inventory]
[11:08:57] [Client thread/INFO]: [CHAT] Player546 has just earned the achievement [Taking Inventory]
[11:09:02] [Server thread/INFO]: [Player546: Set own game mode to Creative Mode]
[11:09:02] [Client thread/INFO]: [CHAT] Your game mode has been updated
[11:09:37] [Server thread/INFO]: [Player546: Set own game mode to Survival Mode]
[11:09:37] [Client thread/INFO]: [CHAT] Your game mode has been updated
[11:09:47] [Server thread/INFO]: Saving and pausing game...
[11:09:47] [Server thread/INFO]: Saving chunks for level 'Test World'/Overworld
[11:09:47] [Server thread/INFO]: Saving chunks for level 'Test World'/Nether
[11:09:47] [Server thread/INFO]: Saving chunks for level 'Test World'/The End
[11:13:38] [Client thread/INFO]: Stopping!
[11:13:38] [Server thread/INFO]: Stopping server
[11:13:38] [Server thread/INFO]: Saving players
[11:13:38] [Server thread/INFO]: Saving worlds
[11:13:38] [Server thread/INFO]: Saving chunks for level 'Test World'/Overworld
[11:13:38] [Server thread/WARN]: The save is being accessed from another location, aborting
[11:13:38] [Server thread/INFO]: Saving chunks for level 'Test World'/Nether
[11:13:38] [Server thread/INFO]: Saving chunks for level 'Test World'/The End
ding ResourceManager: Default, FMLFileResourcePack:Forge Mod Loader, FMLFileResourcePack:Minecraft Forge, FMLFileResourcePack:DerpMod
[11:10:22] [Client thread/INFO]: Created: 256x256 textures/items-atlas
[11:10:22] [Client thread/INFO]: Created: 512x256 textures/blocks-atlas
[11:10:23] [Sound Library Loader/INFO]: Sound engine started
[11:10:25] [MCO Availability Checker #1/ERROR]: Couldn't connect to Realms
[11:10:26] [Server thread/INFO]: Starting integrated minecraft server version 1.7.2
[11:10:26] [Server thread/INFO]: Generating keypair
[11:10:26] [Server thread/INFO]: Preparing start region for level 0
[11:10:27] [Server thread/INFO]: Player921[local:E:2f254f3b] logged in with entity id 0 at (-3.754883134869929, 56.0, -1.2454765942411923)
[11:10:27] [Server thread/INFO]: Player921 joined the game
[11:10:39] [Server thread/INFO]: [Player921: Set own game mode to Creative Mode]
[11:10:39] [Client thread/INFO]: [CHAT] Your game mode has been updated
[11:10:43] [Server thread/INFO]: Player921 has just earned the achievement [Taking Inventory]
[11:10:43] [Client thread/INFO]: [CHAT] Player921 has just earned the achievement [Taking Inventory]
[11:10:56] [Server thread/INFO]: [Player921: Set own game mode to Survival Mode]
[11:10:56] [Client thread/INFO]: [CHAT] Your game mode has been updated
[11:11:18] [Server thread/INFO]: Saving and pausing game...
[11:11:18] [Server thread/INFO]: Saving chunks for level 'Test World'/Overworld
[11:11:18] [Server thread/INFO]: Saving chunks for level 'Test World'/Nether
[11:11:18] [Server thread/INFO]: Saving chunks for level 'Test World'/The End
[11:11:43] [Server thread/INFO]: Saving and pausing game...
[11:11:43] [Server thread/INFO]: Saving chunks for level 'Test World'/Overworld
[11:11:43] [Server thread/INFO]: Saving chunks for level 'Test World'/Nether
[11:11:43] [Server thread/INFO]: Saving chunks for level 'Test World'/The End
[11:11:48] [Server thread/INFO]: [Player921: Set own game mode to Creative Mode]
[11:11:48] [Client thread/INFO]: [CHAT] Your game mode has been updated
[11:11:58] [Server thread/INFO]: [Player921: Set own game mode to Survival Mode]
[11:11:58] [Client thread/INFO]: [CHAT] Your game mode has been updated
[11:12:04] [Server thread/INFO]: Saving and pausing game...
[11:12:04] [Server thread/INFO]: Saving chunks for level 'Test World'/Overworld
[11:12:04] [Server thread/INFO]: Saving chunks for level 'Test World'/Nether
[11:12:04] [Server thread/INFO]: Saving chunks for level 'Test World'/The End
[11:12:05] [Server thread/INFO]: Stopping server
[11:12:05] [Server thread/INFO]: Saving players
[11:12:05] [Server thread/INFO]: Saving worlds
[11:12:05] [Server thread/INFO]: Saving chunks for level 'Test World'/Overworld
[11:12:05] [Server thread/INFO]: Saving chunks for level 'Test World'/Nether
[11:12:05] [Server thread/INFO]: Saving chunks for level 'Test World'/The End
[11:12:06] [Client thread/INFO]: Stopping!
[11:12:57] [main/INFO]: Setting user: Player640
[11:12:58] [Client thread/INFO]: LWJGL Version: 2.9.0
[11:13:01] [Client thread/INFO]: Reloading ResourceManager: Default, FMLFileResourcePack:Forge Mod Loader, FMLFileResourcePack:Minecraft Forge, FMLFileResourcePack:DerpMod
[11:13:02] [Sound Library Loader/INFO]: Sound engine started
[11:13:03] [Client thread/INFO]: Created: 512x256 textures/blocks-atlas
[11:13:03] [Client thread/INFO]: Created: 256x256 textures/items-atlas
[11:13:03] [Client thread/INFO]: Reloading ResourceManager: Default, FMLFileResourcePack:Forge Mod Loader, FMLFileResourcePack:Minecraft Forge, FMLFileResourcePack:DerpMod
[11:13:03] [Client thread/INFO]: Created: 256x256 textures/items-atlas
[11:13:03] [Client thread/INFO]: Created: 512x256 textures/blocks-atlas
[11:13:04] [Sound Library Loader/INFO]: Sound engine started
[11:13:06] [MCO Availability Checker #1/ERROR]: Couldn't connect to Realms
[11:13:08] [Server thread/INFO]: Starting integrated minecraft server version 1.7.2
[11:13:08] [Server thread/INFO]: Generating keypair
[11:13:08] [Server thread/INFO]: Preparing start region for level 0
[11:13:09] [Server thread/INFO]: Player640[local:E:89dc6939] logged in with entity id 0 at (-18.270665119985253, 56.0, -0.462743496564743)
[11:13:09] [Server thread/INFO]: Player640 joined the game
[11:13:19] [Server thread/INFO]: Player640 has just earned the achievement [Taking Inventory]
[11:13:19] [Client thread/INFO]: [CHAT] Player640 has just earned the achievement [Taking Inventory]
[11:13:23] [Server thread/INFO]: Saving and pausing game...
[11:13:23] [Server thread/INFO]: Saving chunks for level 'Test World'/Overworld
[11:13:24] [Server thread/INFO]: Saving chunks for level 'Test World'/Nether
[11:13:24] [Server thread/INFO]: Saving chunks for level 'Test World'/The End
[11:13:24] [Server thread/INFO]: Stopping server
[11:13:24] [Server thread/INFO]: Saving players
[11:13:24] [Server thread/INFO]: Saving worlds
[11:13:24] [Server thread/INFO]: Saving chunks for level 'Test World'/Overworld
[11:13:24] [Server thread/INFO]: Saving chunks for level 'Test World'/Nether
[11:13:24] [Server thread/INFO]: Saving chunks for level 'Test World'/The End
[11:13:25] [Client thread/INFO]: Stopping!
[11:13:43] [main/INFO]: Setting user: Player218
[11:13:44] [Client thread/INFO]: LWJGL Version: 2.9.0
[11:13:47] [Client thread/INFO]: Reloading ResourceManager: Default, FMLFileResourcePack:Forge Mod Loader, FMLFileResourcePack:Minecraft Forge, FMLFileResourcePack:DerpMod
[11:13:48] [Sound Library Loader/INFO]: Sound engine started
[11:13:50] [Client thread/INFO]: Created: 512x256 textures/blocks-atlas
[11:13:50] [Client thread/INFO]: Created: 256x256 textures/items-atlas
[11:13:50] [Client thread/INFO]: Reloading ResourceManager: Default, FMLFileResourcePack:Forge Mod Loader, FMLFileResourcePack:Minecraft Forge, FMLFileResourcePack:DerpMod
[11:13:50] [Client thread/INFO]: Created: 256x256 textures/items-atlas
[11:13:50] [Client thread/INFO]: Created: 512x256 textures/blocks-atlas
[11:13:51] [Sound Library Loader/INFO]: Sound engine started
[11:13:52] [MCO Availability Checker #1/ERROR]: Couldn't connect to Realms
[11:13:54] [Server thread/INFO]: Starting integrated minecraft server version 1.7.2
[11:13:54] [Server thread/INFO]: Generating keypair
[11:13:54] [Server thread/INFO]: Preparing start region for level 0
[11:13:55] [Server thread/INFO]: Player218[local:E:c62ea68d] logged in with entity id 0 at (-14.397290746265469, 56.0, -7.336178839998594)
[11:13:55] [Server thread/INFO]: Player218 joined the game
[11:13:56] [Server thread/INFO]: Player218 has just earned the achievement [Taking Inventory]
[11:13:56] [Client thread/INFO]: [CHAT] Player218 has just earned the achievement [Taking Inventory]
[11:13:58] [Server thread/INFO]: Saving and pausing game...
[11:13:58] [Server thread/INFO]: Saving chunks for level 'Test World'/Overworld
[11:13:58] [Server thread/INFO]: Saving chunks for level 'Test World'/Nether
[11:13:58] [Server thread/INFO]: Saving chunks for level 'Test World'/The End
[11:14:01] [Server thread/INFO]: [Player218: Set own game mode to Creative Mode]
[11:14:01] [Client thread/INFO]: [CHAT] Your game mode has been updated
[11:14:07] [Server thread/ERROR]: Encountered an unexpected exception
net.minecraft.util.ReportedException: Ticking memory connection
	at net.minecraft.network.NetworkSystem.networkTick(NetworkSystem.java:198) ~[NetworkSystem.class:?]
	at net.minecraft.server.MinecraftServer.updateTimeLightAndEntities(MinecraftServer.java:721) ~[MinecraftServer.class:?]
	at net.minecraft.server.MinecraftServer.tick(MinecraftServer.java:608) ~[MinecraftServer.class:?]
	at net.minecraft.server.integrated.IntegratedServer.tick(IntegratedServer.java:118) ~[IntegratedServer.class:?]
	at net.minecraft.server.MinecraftServer.run(MinecraftServer.java:482) [MinecraftServer.class:?]
	at net.minecraft.server.MinecraftServer$2.run(MinecraftServer.java:747) [MinecraftServer$2.class:?]
Caused by: java.lang.NullPointerException
	at net.minecraft.world.World.spawnEntityInWorld(World.java:1463) ~[World.class:?]
	at com.tildenprep.derpmod.client.DerpPickaxe.onItemRightClick(DerpPickaxe.java:29) ~[DerpPickaxe.class:?]
	at net.minecraft.item.ItemStack.useItemRightClick(ItemStack.java:165) ~[ItemStack.class:?]
	at net.minecraft.server.management.ItemInWorldManager.tryUseItem(ItemInWorldManager.java:341) ~[ItemInWorldManager.class:?]
	at net.minecraft.network.NetHandlerPlayServer.processPlayerBlockPlacement(NetHandlerPlayServer.java:572) ~[NetHandlerPlayServer.class:?]
	at net.minecraft.network.play.client.C08PacketPlayerBlockPlacement.processPacket(C08PacketPlayerBlockPlacement.java:74) ~[C08PacketPlayerBlockPlacement.class:?]
	at net.minecraft.network.play.client.C08PacketPlayerBlockPlacement.processPacket(C08PacketPlayerBlockPlacement.java:122) ~[C08PacketPlayerBlockPlacement.class:?]
	at net.minecraft.network.NetworkManager.processReceivedPackets(NetworkManager.java:232) ~[NetworkManager.class:?]
	at net.minecraft.network.NetworkSystem.networkTick(NetworkSystem.java:182) ~[NetworkSystem.class:?]
	... 5 more
[11:14:07] [Server thread/ERROR]: This crash report has been saved to: C:\Users\student\Desktop\maxwellm\ForgeMax\eclipse\.\crash-reports\crash-2014-07-09_11.14.07-server.txt
[11:14:07] [Server thread/INFO]: Stopping server
[11:14:07] [Server thread/INFO]: Saving players
[11:14:07] [Server thread/INFO]: Saving worlds
[11:14:07] [Server thread/INFO]: Saving chunks for level 'Test World'/Overworld
[11:14:07] [Server thread/INFO]: Saving chunks for level 'Test World'/Nether
[11:14:08] [Server thread/INFO]: Saving chunks for level 'Test World'/The End
[11:14:08] [Client thread/FATAL]: Unreported exception thrown!
java.lang.NullPointerException
	at net.minecraft.world.World.spawnEntityInWorld(World.java:1463) ~[World.class:?]
	at net.minecraft.client.multiplayer.WorldClient.spawnEntityInWorld(WorldClient.java:182) ~[WorldClient.class:?]
	at com.tildenprep.derpmod.client.DerpPickaxe.onItemRightClick(DerpPickaxe.java:29) ~[DerpPickaxe.class:?]
	at net.minecraft.item.ItemStack.useItemRightClick(ItemStack.java:165) ~[ItemStack.class:?]
	at net.minecraft.client.multiplayer.PlayerControllerMP.sendUseItem(PlayerControllerMP.java:434) ~[PlayerControllerMP.class:?]
	at net.minecraft.client.Minecraft.func_147121_ag(Minecraft.java:1527) ~[Minecraft.class:?]
	at net.minecraft.client.Minecraft.runTick(Minecraft.java:2012) ~[Minecraft.class:?]
	at net.minecraft.client.Minecraft.runGameLoop(Minecraft.java:997) ~[Minecraft.class:?]
	at net.minecraft.client.Minecraft.run(Minecraft.java:912) [Minecraft.class:?]
	at net.minecraft.client.main.Main.main(Main.java:112) [Main.class:?]
	at sun.reflect.NativeMethodAccessorImpl.invoke0(Native Method) ~[?:1.7.0_51]
	at sun.reflect.NativeMethodAccessorImpl.invoke(Unknown Source) ~[?:1.7.0_51]
	at sun.reflect.DelegatingMethodAccessorImpl.invoke(Unknown Source) ~[?:1.7.0_51]
	at java.lang.reflect.Method.invoke(Unknown Source) ~[?:1.7.0_51]
	at net.minecraft.launchwrapper.Launch.launch(Launch.java:134) [launchwrapper-1.9.jar:?]
	at net.minecraft.launchwrapper.Launch.main(Launch.java:28) [launchwrapper-1.9.jar:?]
[12:32:39] [main/INFO]: Setting user: Player856
[12:32:40] [Client thread/INFO]: LWJGL Version: 2.9.0
[12:32:50] [Client thread/INFO]: Reloading ResourceManager: Default, FMLFileResourcePack:Forge Mod Loader, FMLFileResourcePack:Minecraft Forge, FMLFileResourcePack:DerpMod
[12:32:51] [Sound Library Loader/INFO]: Sound engine started
[12:32:52] [Client thread/INFO]: Created: 512x256 textures/blocks-atlas
[12:32:52] [Client thread/INFO]: Created: 256x256 textures/items-atlas
[12:32:53] [Client thread/INFO]: Reloading ResourceManager: Default, FMLFileResourcePack:Forge Mod Loader, FMLFileResourcePack:Minecraft Forge, FMLFileResourcePack:DerpMod
[12:32:53] [Client thread/INFO]: Created: 256x256 textures/items-atlas
[12:32:53] [Client thread/INFO]: Created: 512x256 textures/blocks-atlas
[12:32:54] [Sound Library Loader/INFO]: Sound engine started
[12:32:55] [MCO Availability Checker #1/ERROR]: Couldn't connect to Realms
[12:32:57] [Server thread/INFO]: Starting integrated minecraft server version 1.7.2
[12:32:57] [Server thread/INFO]: Generating keypair
[12:32:58] [Server thread/INFO]: Preparing start region for level 0
[12:32:58] [Server thread/INFO]: Player856[local:E:e1bc5829] logged in with entity id 0 at (-14.397290746265469, 56.0, -7.336178839998594)
[12:32:58] [Server thread/INFO]: Player856 joined the game
[12:33:02] [Server thread/INFO]: Player856 has just earned the achievement [Taking Inventory]
[12:33:02] [Client thread/INFO]: [CHAT] Player856 has just earned the achievement [Taking Inventory]
[12:33:47] [Server thread/ERROR]: Encountered an unexpected exception
net.minecraft.util.ReportedException: Ticking memory connection
	at net.minecraft.network.NetworkSystem.networkTick(NetworkSystem.java:198) ~[NetworkSystem.class:?]
	at net.minecraft.server.MinecraftServer.updateTimeLightAndEntities(MinecraftServer.java:721) ~[MinecraftServer.class:?]
	at net.minecraft.server.MinecraftServer.tick(MinecraftServer.java:608) ~[MinecraftServer.class:?]
	at net.minecraft.server.integrated.IntegratedServer.tick(IntegratedServer.java:118) ~[IntegratedServer.class:?]
	at net.minecraft.server.MinecraftServer.run(MinecraftServer.java:482) [MinecraftServer.class:?]
	at net.minecraft.server.MinecraftServer$2.run(MinecraftServer.java:747) [MinecraftServer$2.class:?]
Caused by: java.lang.NullPointerException
	at net.minecraft.world.World.spawnEntityInWorld(World.java:1463) ~[World.class:?]
	at com.tildenprep.derpmod.client.PickOfDividingOresByAFraction.onItemRightClick(PickOfDividingOresByAFraction.java:24) ~[PickOfDividingOresByAFraction.class:?]
	at net.minecraft.item.ItemStack.useItemRightClick(ItemStack.java:165) ~[ItemStack.class:?]
	at net.minecraft.server.management.ItemInWorldManager.tryUseItem(ItemInWorldManager.java:341) ~[ItemInWorldManager.class:?]
	at net.minecraft.network.NetHandlerPlayServer.processPlayerBlockPlacement(NetHandlerPlayServer.java:572) ~[NetHandlerPlayServer.class:?]
	at net.minecraft.network.play.client.C08PacketPlayerBlockPlacement.processPacket(C08PacketPlayerBlockPlacement.java:74) ~[C08PacketPlayerBlockPlacement.class:?]
	at net.minecraft.network.play.client.C08PacketPlayerBlockPlacement.processPacket(C08PacketPlayerBlockPlacement.java:122) ~[C08PacketPlayerBlockPlacement.class:?]
	at net.minecraft.network.NetworkManager.processReceivedPackets(NetworkManager.java:232) ~[NetworkManager.class:?]
	at net.minecraft.network.NetworkSystem.networkTick(NetworkSystem.java:182) ~[NetworkSystem.class:?]
	... 5 more
[12:33:47] [Server thread/ERROR]: This crash report has been saved to: C:\Users\student\Desktop\maxwellm\ForgeMax\eclipse\.\crash-reports\crash-2014-07-09_12.33.47-server.txt
[12:33:47] [Server thread/INFO]: Stopping server
[12:33:47] [Server thread/INFO]: Saving players
[12:33:47] [Server thread/INFO]: Saving worlds
[12:33:47] [Server thread/INFO]: Saving chunks for level 'Test World'/Overworld
[12:33:47] [Server thread/INFO]: Saving chunks for level 'Test World'/Nether
[12:33:47] [Server thread/INFO]: Saving chunks for level 'Test World'/The End
[12:33:47] [Client thread/FATAL]: Unreported exception thrown!
java.lang.NullPointerException
	at net.minecraft.world.World.spawnEntityInWorld(World.java:1463) ~[World.class:?]
	at net.minecraft.client.multiplayer.WorldClient.spawnEntityInWorld(WorldClient.java:182) ~[WorldClient.class:?]
	at com.tildenprep.derpmod.client.PickOfDividingOresByAFraction.onItemRightClick(PickOfDividingOresByAFraction.java:24) ~[PickOfDividingOresByAFraction.class:?]
	at net.minecraft.item.ItemStack.useItemRightClick(ItemStack.java:165) ~[ItemStack.class:?]
	at net.minecraft.client.multiplayer.PlayerControllerMP.sendUseItem(PlayerControllerMP.java:434) ~[PlayerControllerMP.class:?]
	at net.minecraft.client.Minecraft.func_147121_ag(Minecraft.java:1527) ~[Minecraft.class:?]
	at net.minecraft.client.Minecraft.runTick(Minecraft.java:2012) ~[Minecraft.class:?]
	at net.minecraft.client.Minecraft.runGameLoop(Minecraft.java:997) ~[Minecraft.class:?]
	at net.minecraft.client.Minecraft.run(Minecraft.java:912) [Minecraft.class:?]
	at net.minecraft.client.main.Main.main(Main.java:112) [Main.class:?]
	at sun.reflect.NativeMethodAccessorImpl.invoke0(Native Method) ~[?:1.7.0_51]
	at sun.reflect.NativeMethodAccessorImpl.invoke(Unknown Source) ~[?:1.7.0_51]
	at sun.reflect.DelegatingMethodAccessorImpl.invoke(Unknown Source) ~[?:1.7.0_51]
	at java.lang.reflect.Method.invoke(Unknown Source) ~[?:1.7.0_51]
	at net.minecraft.launchwrapper.Launch.launch(Launch.java:134) [launchwrapper-1.9.jar:?]
	at net.minecraft.launchwrapper.Launch.main(Launch.java:28) [launchwrapper-1.9.jar:?]
[12:39:41] [main/INFO]: Setting user: Player46
[12:39:42] [Client thread/INFO]: LWJGL Version: 2.9.0
[12:39:45] [Client thread/INFO]: Reloading ResourceManager: Default, FMLFileResourcePack:Forge Mod Loader, FMLFileResourcePack:Minecraft Forge, FMLFileResourcePack:DerpMod
[12:39:46] [Sound Library Loader/INFO]: Sound engine started
[12:39:47] [Client thread/INFO]: Created: 512x256 textures/blocks-atlas
[12:39:47] [Client thread/INFO]: Created: 256x256 textures/items-atlas
[12:39:47] [Client thread/INFO]: Reloading ResourceManager: Default, FMLFileResourcePack:Forge Mod Loader, FMLFileResourcePack:Minecraft Forge, FMLFileResourcePack:DerpMod
[12:39:47] [Client thread/INFO]: Created: 256x256 textures/items-atlas
[12:39:48] [Client thread/INFO]: Created: 512x256 textures/blocks-atlas
[12:39:48] [Sound Library Loader/INFO]: Sound engine started
[12:39:50] [MCO Availability Checker #1/ERROR]: Couldn't connect to Realms
[12:39:52] [Server thread/INFO]: Starting integrated minecraft server version 1.7.2
[12:39:52] [Server thread/INFO]: Generating keypair
[12:39:52] [Server thread/INFO]: Preparing start region for level 0
[12:39:53] [Server thread/INFO]: Player46[local:E:999212f2] logged in with entity id 0 at (0.48900947513973103, 56.0, 1.6570566530819901)
[12:39:53] [Server thread/INFO]: Player46 joined the game
[12:40:04] [Server thread/INFO]: Saving and pausing game...
[12:40:04] [Server thread/INFO]: Saving chunks for level 'Test World'/Overworld
[12:40:04] [Server thread/INFO]: Saving chunks for level 'Test World'/Nether
[12:40:04] [Server thread/INFO]: Saving chunks for level 'Test World'/The End
[12:40:05] [Server thread/INFO]: Stopping server
[12:40:05] [Server thread/INFO]: Saving players
[12:40:05] [Server thread/INFO]: Saving worlds
[12:40:05] [Server thread/INFO]: Saving chunks for level 'Test World'/Overworld
[12:40:05] [Server thread/INFO]: Saving chunks for level 'Test World'/Nether
[12:40:05] [Server thread/INFO]: Saving chunks for level 'Test World'/The End
[12:40:05] [Client thread/INFO]: Stopping!
[12:44:25] [main/INFO]: Setting user: Player625
[12:44:26] [Client thread/INFO]: LWJGL Version: 2.9.0
[12:44:29] [Client thread/INFO]: Reloading ResourceManager: Default, FMLFileResourcePack:Forge Mod Loader, FMLFileResourcePack:Minecraft Forge, FMLFileResourcePack:DerpMod
[12:44:30] [Sound Library Loader/INFO]: Sound engine started
[12:44:31] [Client thread/INFO]: Created: 512x256 textures/blocks-atlas
[12:44:31] [Client thread/INFO]: Created: 256x256 textures/items-atlas
[12:44:31] [Client thread/INFO]: Reloading ResourceManager: Default, FMLFileResourcePack:Forge Mod Loader, FMLFileResourcePack:Minecraft Forge, FMLFileResourcePack:DerpMod
[12:44:31] [Client thread/INFO]: Created: 256x256 textures/items-atlas
[12:44:32] [Client thread/INFO]: Created: 512x256 textures/blocks-atlas
[12:44:32] [Sound Library Loader/INFO]: Sound engine started
[12:44:34] [MCO Availability Checker #1/ERROR]: Couldn't connect to Realms
[12:44:36] [Server thread/INFO]: Starting integrated minecraft server version 1.7.2
[12:44:36] [Server thread/INFO]: Generating keypair
[12:44:36] [Server thread/INFO]: Preparing start region for level 0
[12:44:37] [Server thread/INFO]: Player625[local:E:d3e3e558] logged in with entity id 0 at (5.89947045958844, 56.0, 1.0514312141319002)
[12:44:37] [Server thread/INFO]: Player625 joined the game
[12:44:42] [Server thread/INFO]: Player625 has just earned the achievement [Taking Inventory]
[12:44:42] [Client thread/INFO]: [CHAT] Player625 has just earned the achievement [Taking Inventory]
[12:45:35] [Server thread/INFO]: [Player625: Set own game mode to Survival Mode]
[12:45:35] [Client thread/INFO]: [CHAT] Your game mode has been updated
[12:45:42] [Server thread/INFO]: Saving and pausing game...
[12:45:42] [Server thread/INFO]: Saving chunks for level 'Test World'/Overworld
[12:45:42] [Server thread/INFO]: Saving chunks for level 'Test World'/Nether
[12:45:42] [Server thread/INFO]: Saving chunks for level 'Test World'/The End
[12:45:43] [Server thread/INFO]: Stopping server
[12:45:43] [Server thread/INFO]: Saving players
[12:45:43] [Server thread/INFO]: Saving worlds
[12:45:43] [Server thread/INFO]: Saving chunks for level 'Test World'/Overworld
[12:45:43] [Server thread/INFO]: Saving chunks for level 'Test World'/Nether
[12:45:43] [Server thread/INFO]: Saving chunks for level 'Test World'/The End
[12:45:44] [Client thread/INFO]: Stopping!
[12:50:39] [main/INFO]: Setting user: Player796
[12:50:40] [Client thread/INFO]: LWJGL Version: 2.9.0
[12:50:43] [Client thread/INFO]: Reloading ResourceManager: Default, FMLFileResourcePack:Forge Mod Loader, FMLFileResourcePack:Minecraft Forge, FMLFileResourcePack:DerpMod
[12:50:44] [Sound Library Loader/INFO]: Sound engine started
[12:50:45] [Client thread/INFO]: Created: 512x256 textures/blocks-atlas
[12:50:45] [Client thread/INFO]: Created: 256x256 textures/items-atlas
[12:50:45] [Client thread/INFO]: Reloading ResourceManager: Default, FMLFileResourcePack:Forge Mod Loader, FMLFileResourcePack:Minecraft Forge, FMLFileResourcePack:DerpMod
[12:50:45] [Client thread/INFO]: Created: 256x256 textures/items-atlas
[12:50:45] [Client thread/INFO]: Created: 512x256 textures/blocks-atlas
[12:50:46] [Sound Library Loader/INFO]: Sound engine started
[12:50:48] [MCO Availability Checker #1/ERROR]: Couldn't connect to Realms
[12:51:21] [Server thread/INFO]: Starting integrated minecraft server version 1.7.2
[12:51:21] [Server thread/INFO]: Generating keypair
[12:51:22] [Server thread/INFO]: Preparing start region for level 0
[12:51:23] [Server thread/INFO]: Player796[local:E:b9eee7da] logged in with entity id 0 at (6.666476537527262, 56.0, -1.818022773779302)
[12:51:23] [Server thread/INFO]: Player796 joined the game
[12:51:55] [Server thread/INFO]: Saving and pausing game...
[12:51:55] [Server thread/INFO]: Saving chunks for level 'Test World'/Overworld
[12:51:55] [Server thread/INFO]: Saving chunks for level 'Test World'/Nether
[12:51:55] [Server thread/INFO]: Saving chunks for level 'Test World'/The End
[12:51:56] [Server thread/INFO]: Stopping server
[12:51:56] [Server thread/INFO]: Saving players
[12:51:56] [Server thread/INFO]: Saving worlds
[12:51:56] [Server thread/INFO]: Saving chunks for level 'Test World'/Overworld
[12:51:56] [Server thread/INFO]: Saving chunks for level 'Test World'/Nether
[12:51:56] [Server thread/INFO]: Saving chunks for level 'Test World'/The End
[12:51:57] [Client thread/INFO]: Stopping!
[12:52:39] [main/INFO]: Setting user: Player890
[12:52:40] [Client thread/INFO]: LWJGL Version: 2.9.0
[12:52:43] [Client thread/INFO]: Reloading ResourceManager: Default, FMLFileResourcePack:Forge Mod Loader, FMLFileResourcePack:Minecraft Forge, FMLFileResourcePack:DerpMod
[12:52:44] [Sound Library Loader/INFO]: Sound engine started
[12:52:45] [Client thread/INFO]: Created: 512x256 textures/blocks-atlas
[12:52:45] [Client thread/INFO]: Created: 256x256 textures/items-atlas
[12:52:45] [Client thread/INFO]: Reloading ResourceManager: Default, FMLFileResourcePack:Forge Mod Loader, FMLFileResourcePack:Minecraft Forge, FMLFileResourcePack:DerpMod
[12:52:45] [Client thread/INFO]: Created: 256x256 textures/items-atlas
[12:52:46] [Client thread/INFO]: Created: 512x256 textures/blocks-atlas
[12:52:46] [Sound Library Loader/INFO]: Sound engine started
[12:52:48] [MCO Availability Checker #1/ERROR]: Couldn't connect to Realms
[12:52:50] [Server thread/INFO]: Starting integrated minecraft server version 1.7.2
[12:52:50] [Server thread/INFO]: Generating keypair
[12:52:50] [Server thread/INFO]: Preparing start region for level 0
[12:52:51] [Server thread/INFO]: Player890[local:E:5a0a00c1] logged in with entity id 0 at (5.599514046925918, 56.0, 2.436151584353122)
[12:52:51] [Server thread/INFO]: Player890 joined the game
[12:53:10] [Server thread/INFO]: Saving and pausing game...
[12:53:10] [Server thread/INFO]: Saving chunks for level 'Test World'/Overworld
[12:53:10] [Server thread/INFO]: Saving chunks for level 'Test World'/Nether
[12:53:10] [Server thread/INFO]: Saving chunks for level 'Test World'/The End
[12:53:10] [Server thread/INFO]: Stopping server
[12:53:10] [Server thread/INFO]: Saving players
[12:53:10] [Server thread/INFO]: Saving worlds
[12:53:10] [Server thread/INFO]: Saving chunks for level 'Test World'/Overworld
[12:53:10] [Server thread/INFO]: Saving chunks for level 'Test World'/Nether
[12:53:10] [Server thread/INFO]: Saving chunks for level 'Test World'/The End
[12:53:11] [Client thread/INFO]: Stopping!
[12:58:23] [main/INFO]: Setting user: Player187
[12:58:24] [Client thread/INFO]: LWJGL Version: 2.9.0
[12:58:27] [Client thread/INFO]: Reloading ResourceManager: Default, FMLFileResourcePack:Forge Mod Loader, FMLFileResourcePack:Minecraft Forge, FMLFileResourcePack:DerpMod
[12:58:28] [Sound Library Loader/INFO]: Sound engine started
[12:58:29] [Client thread/INFO]: Created: 512x256 textures/blocks-atlas
[12:58:30] [Client thread/INFO]: Created: 256x256 textures/items-atlas
[12:58:30] [Client thread/INFO]: Reloading ResourceManager: Default, FMLFileResourcePack:Forge Mod Loader, FMLFileResourcePack:Minecraft Forge, FMLFileResourcePack:DerpMod
[12:58:30] [Client thread/INFO]: Created: 256x256 textures/items-atlas
[12:58:30] [Client thread/INFO]: Created: 512x256 textures/blocks-atlas
[12:58:31] [Sound Library Loader/INFO]: Sound engine started
[12:58:32] [MCO Availability Checker #1/ERROR]: Couldn't connect to Realms
[12:58:34] [Server thread/INFO]: Starting integrated minecraft server version 1.7.2
[12:58:34] [Server thread/INFO]: Generating keypair
[12:58:34] [Server thread/INFO]: Preparing start region for level 0
[12:58:35] [Server thread/INFO]: Player187[local:E:d90972c9] logged in with entity id 0 at (4.779614581188456, 57.015555072702206, 0.32266143221932897)
[12:58:35] [Server thread/INFO]: Player187 joined the game
[12:58:44] [Server thread/INFO]: Player187 has just earned the achievement [Taking Inventory]
[12:58:44] [Client thread/INFO]: [CHAT] Player187 has just earned the achievement [Taking Inventory]
[12:58:50] [Server thread/INFO]: [Player187: Set own game mode to Creative Mode]
[12:58:50] [Client thread/INFO]: [CHAT] Your game mode has been updated
[12:59:02] [Server thread/INFO]: [Player187: Set own game mode to Survival Mode]
[12:59:02] [Client thread/INFO]: [CHAT] Your game mode has been updated
[12:59:22] [Server thread/INFO]: Saving and pausing game...
[12:59:22] [Server thread/INFO]: Saving chunks for level 'Test World'/Overworld
[12:59:22] [Server thread/INFO]: Saving chunks for level 'Test World'/Nether
[12:59:22] [Server thread/INFO]: Saving chunks for level 'Test World'/The End
[12:59:22] [Server thread/INFO]: Stopping server
[12:59:22] [Server thread/INFO]: Saving players
[12:59:22] [Server thread/INFO]: Saving worlds
[12:59:22] [Server thread/INFO]: Saving chunks for level 'Test World'/Overworld
[12:59:22] [Server thread/INFO]: Saving chunks for level 'Test World'/Nether
[12:59:22] [Server thread/INFO]: Saving chunks for level 'Test World'/The End
[12:59:23] [Client thread/INFO]: Stopping!
[13:50:03] [main/INFO]: Setting user: Player781
[13:50:05] [Client thread/INFO]: LWJGL Version: 2.9.0
[13:50:13] [Client thread/INFO]: Reloading ResourceManager: Default, FMLFileResourcePack:Forge Mod Loader, FMLFileResourcePack:Minecraft Forge, FMLFileResourcePack:DerpMod
[13:50:13] [Sound Library Loader/INFO]: Sound engine started
[13:50:15] [Client thread/INFO]: Created: 512x256 textures/blocks-atlas
[13:50:16] [Client thread/INFO]: Created: 256x256 textures/items-atlas
[13:50:16] [Client thread/INFO]: Reloading ResourceManager: Default, FMLFileResourcePack:Forge Mod Loader, FMLFileResourcePack:Minecraft Forge, FMLFileResourcePack:DerpMod
[13:50:16] [Client thread/INFO]: Created: 256x256 textures/items-atlas
[13:50:16] [Client thread/INFO]: Created: 512x256 textures/blocks-atlas
[13:50:17] [Sound Library Loader/INFO]: Sound engine started
[13:50:19] [MCO Availability Checker #1/ERROR]: Couldn't connect to Realms
[13:52:41] [Server thread/INFO]: Starting integrated minecraft server version 1.7.2
[13:52:41] [Server thread/INFO]: Generating keypair
[13:52:42] [Server thread/INFO]: Preparing start region for level 0
[13:52:43] [Server thread/INFO]: Preparing spawn area: 84%
[13:52:44] [Server thread/INFO]: Player781[local:E:89cdedf3] logged in with entity id 0 at (4.949093524893928, 56.0, -0.8519880679023824)
[13:52:44] [Server thread/INFO]: Player781 joined the game
[13:52:45] [Server thread/INFO]: Saving and pausing game...
[13:52:45] [Server thread/INFO]: Saving chunks for level 'Test World'/Overworld
[13:52:45] [Server thread/INFO]: Saving chunks for level 'Test World'/Nether
[13:52:45] [Server thread/INFO]: Saving chunks for level 'Test World'/The End
[13:52:52] [Server thread/INFO]: Player781 has just earned the achievement [Taking Inventory]
[13:52:52] [Client thread/INFO]: [CHAT] Player781 has just earned the achievement [Taking Inventory]
[13:52:55] [Server thread/INFO]: [Player781: Set own game mode to Creative Mode]
[13:52:55] [Client thread/INFO]: [CHAT] Your game mode has been updated
[13:54:30] [Server thread/INFO]: [Player781: Set own game mode to Survival Mode]
[13:54:30] [Client thread/INFO]: [CHAT] Your game mode has been updated
[13:55:37] [Server thread/INFO]: [Player781: Cleared the inventory of Player781, removing 19 items]
[13:55:37] [Client thread/INFO]: [CHAT] Cleared the inventory of Player781, removing 19 items
[13:55:39] [Server thread/INFO]: Saving and pausing game...
[13:55:39] [Server thread/INFO]: Saving chunks for level 'Test World'/Overworld
[13:55:39] [Server thread/INFO]: Saving chunks for level 'Test World'/Nether
[13:55:39] [Server thread/INFO]: Saving chunks for level 'Test World'/The End
[13:55:40] [Server thread/INFO]: Stopping server
[13:55:40] [Server thread/INFO]: Saving players
[13:55:40] [Server thread/INFO]: Saving worlds
[13:55:40] [Server thread/INFO]: Saving chunks for level 'Test World'/Overworld
[13:55:40] [Server thread/INFO]: Saving chunks for level 'Test World'/Nether
[13:55:40] [Server thread/INFO]: Saving chunks for level 'Test World'/The End
[13:55:41] [Client thread/INFO]: Stopping!
[14:09:54] [main/INFO]: Setting user: Player703
[14:09:55] [Client thread/INFO]: LWJGL Version: 2.9.0
[14:10:01] [Client thread/INFO]: Reloading ResourceManager: Default, FMLFileResourcePack:Forge Mod Loader, FMLFileResourcePack:Minecraft Forge, FMLFileResourcePack:DerpMod
[14:10:01] [Sound Library Loader/INFO]: Sound engine started
[14:10:03] [Client thread/INFO]: Created: 512x256 textures/blocks-atlas
[14:10:03] [Client thread/INFO]: Created: 256x256 textures/items-atlas
[14:10:03] [Client thread/INFO]: Reloading ResourceManager: Default, FMLFileResourcePack:Forge Mod Loader, FMLFileResourcePack:Minecraft Forge, FMLFileResourcePack:DerpMod
[14:10:03] [Client thread/INFO]: Created: 256x256 textures/items-atlas
[14:10:04] [Client thread/INFO]: Created: 512x256 textures/blocks-atlas
[14:10:04] [Sound Library Loader/INFO]: Sound engine started
[14:10:06] [MCO Availability Checker #1/ERROR]: Couldn't connect to Realms
[14:10:08] [Server thread/INFO]: Starting integrated minecraft server version 1.7.2
[14:10:08] [Server thread/INFO]: Generating keypair
[14:10:09] [Server thread/INFO]: Preparing start region for level 0
[14:10:10] [Server thread/INFO]: Player703[local:E:971c3ed7] logged in with entity id 0 at (-2.017082180516104, 56.0, 6.357661955156001)
[14:10:10] [Server thread/INFO]: Player703 joined the game
[14:10:12] [Server thread/INFO]: Player703 has just earned the achievement [Taking Inventory]
[14:10:12] [Client thread/INFO]: [CHAT] Player703 has just earned the achievement [Taking Inventory]
[14:10:16] [Server thread/INFO]: [Player703: Set own game mode to Creative Mode]
[14:10:16] [Client thread/INFO]: [CHAT] Your game mode has been updated
[14:10:37] [Server thread/INFO]: [Player703: Set own game mode to Survival Mode]
[14:10:37] [Client thread/INFO]: [CHAT] Your game mode has been updated
[14:10:52] [Server thread/INFO]: Saving and pausing game...
[14:10:52] [Server thread/INFO]: Saving chunks for level 'Test World'/Overworld
[14:10:52] [Server thread/INFO]: Saving chunks for level 'Test World'/Nether
[14:10:52] [Server thread/INFO]: Saving chunks for level 'Test World'/The End
[14:11:43] [main/INFO]: Setting user: Player328
[14:11:44] [Client thread/INFO]: LWJGL Version: 2.9.0
[14:11:47] [Client thread/INFO]: Reloading ResourceManager: Default, FMLFileResourcePack:Forge Mod Loader, FMLFileResourcePack:Minecraft Forge, FMLFileResourcePack:DerpMod
[14:11:48] [Sound Library Loader/INFO]: Sound engine started
[14:11:50] [Client thread/INFO]: Created: 512x256 textures/blocks-atlas
[14:11:50] [Client thread/INFO]: Created: 256x256 textures/items-atlas
[14:11:50] [Client thread/INFO]: Reloading ResourceManager: Default, FMLFileResourcePack:Forge Mod Loader, FMLFileResourcePack:Minecraft Forge, FMLFileResourcePack:DerpMod
[14:11:50] [Client thread/INFO]: Created: 256x256 textures/items-atlas
[14:11:50] [Client thread/INFO]: Created: 512x256 textures/blocks-atlas
[14:11:51] [Sound Library Loader/INFO]: Sound engine started
[14:11:52] [Client thread/INFO]: Stopping!
[14:11:52] [MCO Availability Checker #1/ERROR]: Couldn't connect to Realms
[14:12:07] [main/INFO]: Setting user: Player343
[14:12:08] [Client thread/INFO]: LWJGL Version: 2.9.0
[14:12:11] [Client thread/INFO]: Reloading ResourceManager: Default, FMLFileResourcePack:Forge Mod Loader, FMLFileResourcePack:Minecraft Forge, FMLFileResourcePack:DerpMod
[14:12:12] [Sound Library Loader/INFO]: Sound engine started
[14:12:14] [Client thread/INFO]: Created: 512x256 textures/blocks-atlas
[14:12:14] [Client thread/INFO]: Created: 256x256 textures/items-atlas
[14:12:14] [Client thread/INFO]: Reloading ResourceManager: Default, FMLFileResourcePack:Forge Mod Loader, FMLFileResourcePack:Minecraft Forge, FMLFileResourcePack:DerpMod
[14:12:14] [Client thread/INFO]: Created: 256x256 textures/items-atlas
[14:12:14] [Client thread/INFO]: Created: 512x256 textures/blocks-atlas
[14:12:15] [Sound Library Loader/INFO]: Sound engine started
[14:12:16] [MCO Availability Checker #1/ERROR]: Couldn't connect to Realms
[14:12:18] [Server thread/INFO]: Starting integrated minecraft server version 1.7.2
[14:12:18] [Server thread/INFO]: Generating keypair
[14:12:19] [Server thread/INFO]: Preparing start region for level 0
[14:12:19] [Server thread/INFO]: Player343[local:E:93d30a46] logged in with entity id 0 at (-4.005480646218754, 56.0, 3.9260822246883134)
[14:12:19] [Server thread/INFO]: Player343 joined the game
[14:12:49] [Server thread/INFO]: Saving and pausing game...
[14:12:49] [Server thread/INFO]: Saving chunks for level 'Test World'/Overworld
[14:12:49] [Server thread/INFO]: Saving chunks for level 'Test World'/Nether
[14:12:49] [Server thread/INFO]: Saving chunks for level 'Test World'/The End
[14:12:50] [Server thread/INFO]: Stopping server
[14:12:50] [Server thread/INFO]: Saving players
[14:12:50] [Server thread/INFO]: Saving worlds
[14:12:50] [Server thread/INFO]: Saving chunks for level 'Test World'/Overworld
[14:12:50] [Server thread/INFO]: Saving chunks for level 'Test World'/Nether
[14:12:50] [Server thread/INFO]: Saving chunks for level 'Test World'/The End
[14:12:51] [Client thread/INFO]: Stopping!
[14:16:04] [main/INFO]: Setting user: Player406
[14:16:05] [Client thread/INFO]: LWJGL Version: 2.9.0
[14:16:09] [Client thread/INFO]: Reloading ResourceManager: Default, FMLFileResourcePack:Forge Mod Loader, FMLFileResourcePack:Minecraft Forge, FMLFileResourcePack:DerpMod
[14:16:09] [Sound Library Loader/INFO]: Sound engine started
[14:16:11] [Client thread/INFO]: Created: 512x256 textures/blocks-atlas
[14:16:11] [Client thread/INFO]: Created: 256x256 textures/items-atlas
[14:16:11] [Client thread/INFO]: Reloading ResourceManager: Default, FMLFileResourcePack:Forge Mod Loader, FMLFileResourcePack:Minecraft Forge, FMLFileResourcePack:DerpMod
[14:16:11] [Client thread/INFO]: Created: 256x256 textures/items-atlas
[14:16:11] [Client thread/INFO]: Created: 512x256 textures/blocks-atlas
[14:16:12] [Sound Library Loader/INFO]: Sound engine started
[14:16:14] [MCO Availability Checker #1/ERROR]: Couldn't connect to Realms
[14:16:16] [Server thread/INFO]: Starting integrated minecraft server version 1.7.2
[14:16:16] [Server thread/INFO]: Generating keypair
[14:16:16] [Server thread/INFO]: Preparing start region for level 0
[14:16:17] [Server thread/INFO]: Player406[local:E:f6e692e6] logged in with entity id 0 at (-4.1991209820192275, 56.0, 7.117146013780501)
[14:16:17] [Server thread/INFO]: Player406 joined the game
[14:16:36] [Server thread/INFO]: Saving and pausing game...
[14:16:36] [Server thread/INFO]: Saving chunks for level 'Test World'/Overworld
[14:16:36] [Server thread/INFO]: Saving chunks for level 'Test World'/Nether
[14:16:36] [Server thread/INFO]: Saving chunks for level 'Test World'/The End
[14:16:37] [Server thread/INFO]: Stopping server
[14:16:37] [Server thread/INFO]: Saving players
[14:16:37] [Server thread/INFO]: Saving worlds
[14:16:37] [Server thread/INFO]: Saving chunks for level 'Test World'/Overworld
[14:16:37] [Server thread/INFO]: Saving chunks for level 'Test World'/Nether
[14:16:37] [Server thread/INFO]: Saving chunks for level 'Test World'/The End
[14:16:38] [Client thread/INFO]: Stopping!
[14:23:10] [main/INFO]: Setting user: Player609
[14:23:11] [Client thread/INFO]: LWJGL Version: 2.9.0
[14:23:27] [Client thread/INFO]: Reloading ResourceManager: Default, FMLFileResourcePack:Forge Mod Loader, FMLFileResourcePack:Minecraft Forge, FMLFileResourcePack:DerpMod
[14:23:28] [Sound Library Loader/INFO]: Sound engine started
[14:23:29] [Client thread/INFO]: Created: 512x256 textures/blocks-atlas
[14:23:29] [Client thread/INFO]: Created: 256x256 textures/items-atlas
[14:23:29] [Client thread/INFO]: Reloading ResourceManager: Default, FMLFileResourcePack:Forge Mod Loader, FMLFileResourcePack:Minecraft Forge, FMLFileResourcePack:DerpMod
[14:23:29] [Client thread/INFO]: Created: 256x256 textures/items-atlas
[14:23:29] [Client thread/INFO]: Created: 512x256 textures/blocks-atlas
[14:23:30] [Sound Library Loader/INFO]: Sound engine started
[14:23:32] [MCO Availability Checker #1/ERROR]: Couldn't connect to Realms
[14:23:48] [Server thread/INFO]: Starting integrated minecraft server version 1.7.2
[14:23:48] [Server thread/INFO]: Generating keypair
[14:23:48] [Server thread/INFO]: Preparing start region for level 0
[14:23:49] [Server thread/INFO]: Player609[local:E:73bfa9c6] logged in with entity id 0 at (-9.142972014035394, 56.0, 3.353754688275721)
[14:23:49] [Server thread/INFO]: Player609 joined the game
[14:23:55] [Server thread/INFO]: Saving and pausing game...
[14:23:55] [Server thread/INFO]: Saving chunks for level 'Test World'/Overworld
[14:23:55] [Server thread/INFO]: Saving chunks for level 'Test World'/Nether
[14:23:55] [Server thread/INFO]: Saving chunks for level 'Test World'/The End
[14:23:55] [Server thread/INFO]: Stopping server
[14:23:55] [Server thread/INFO]: Saving players
[14:23:55] [Server thread/INFO]: Saving worlds
[14:23:55] [Server thread/INFO]: Saving chunks for level 'Test World'/Overworld
[14:23:55] [Server thread/INFO]: Saving chunks for level 'Test World'/Nether
[14:23:55] [Server thread/INFO]: Saving chunks for level 'Test World'/The End
[14:23:57] [Client thread/INFO]: Stopping!
[14:24:39] [main/INFO]: Setting user: Player937
[14:24:40] [Client thread/INFO]: LWJGL Version: 2.9.0
[14:24:43] [Client thread/INFO]: Reloading ResourceManager: Default, FMLFileResourcePack:Forge Mod Loader, FMLFileResourcePack:Minecraft Forge, FMLFileResourcePack:DerpMod
[14:24:44] [Sound Library Loader/INFO]: Sound engine started
[14:24:45] [Client thread/INFO]: Created: 512x256 textures/blocks-atlas
[14:24:45] [Client thread/INFO]: Created: 256x256 textures/items-atlas
[14:24:46] [Client thread/INFO]: Reloading ResourceManager: Default, FMLFileResourcePack:Forge Mod Loader, FMLFileResourcePack:Minecraft Forge, FMLFileResourcePack:DerpMod
[14:24:46] [Client thread/INFO]: Created: 256x256 textures/items-atlas
[14:24:46] [Client thread/INFO]: Created: 512x256 textures/blocks-atlas
[14:24:47] [Sound Library Loader/INFO]: Sound engine started
[14:24:48] [MCO Availability Checker #1/ERROR]: Couldn't connect to Realms
[14:24:52] [Server thread/INFO]: Starting integrated minecraft server version 1.7.2
[14:24:52] [Server thread/INFO]: Generating keypair
[14:24:53] [Server thread/INFO]: Preparing start region for level 0
[14:24:53] [Server thread/INFO]: Player937[local:E:1283d297] logged in with entity id 0 at (-6.727747695182321, 56.0, 4.111322920215588)
[14:24:53] [Server thread/INFO]: Player937 joined the game
[14:27:28] [Server thread/INFO]: Player937 has just earned the achievement [Taking Inventory]
[14:27:28] [Client thread/INFO]: [CHAT] Player937 has just earned the achievement [Taking Inventory]
[14:27:33] [Server thread/INFO]: [Player937: Set own game mode to Creative Mode]
[14:27:33] [Client thread/INFO]: [CHAT] Your game mode has been updated
[14:28:17] [Client thread/INFO]: [CHAT] Usage: /gamemode <mode> [player]
[14:28:19] [Server thread/INFO]: [Player937: Set own game mode to Survival Mode]
[14:28:19] [Client thread/INFO]: [CHAT] Your game mode has been updated
[14:28:24] [Server thread/INFO]: Saving and pausing game...
[14:28:24] [Server thread/INFO]: Saving chunks for level 'Test World'/Overworld
[14:28:24] [Server thread/INFO]: Saving chunks for level 'Test World'/Nether
[14:28:24] [Server thread/INFO]: Saving chunks for level 'Test World'/The End
[14:28:25] [Server thread/INFO]: Stopping server
[14:28:25] [Server thread/INFO]: Saving players
[14:28:25] [Server thread/INFO]: Saving worlds
[14:28:25] [Server thread/INFO]: Saving chunks for level 'Test World'/Overworld
[14:28:25] [Server thread/INFO]: Saving chunks for level 'Test World'/Nether
[14:28:25] [Server thread/INFO]: Saving chunks for level 'Test World'/The End
[14:28:25] [Client thread/INFO]: Stopping!
[15:43:10] [main/INFO]: Setting user: Player484
[15:43:11] [Client thread/INFO]: LWJGL Version: 2.9.0
[15:43:14] [Client thread/INFO]: Reloading ResourceManager: Default, FMLFileResourcePack:Forge Mod Loader, FMLFileResourcePack:Minecraft Forge, FMLFileResourcePack:DerpMod
[15:43:15] [Sound Library Loader/INFO]: Sound engine started
[15:43:16] [Client thread/INFO]: Created: 512x256 textures/blocks-atlas
[15:43:16] [Client thread/INFO]: Created: 256x256 textures/items-atlas
[15:43:17] [Client thread/INFO]: Reloading ResourceManager: Default, FMLFileResourcePack:Forge Mod Loader, FMLFileResourcePack:Minecraft Forge, FMLFileResourcePack:DerpMod
[15:43:17] [Client thread/INFO]: Created: 256x256 textures/items-atlas
[15:43:17] [Client thread/INFO]: Created: 512x256 textures/blocks-atlas
[15:43:18] [Sound Library Loader/INFO]: Sound engine started
[15:43:19] [MCO Availability Checker #1/ERROR]: Couldn't connect to Realms
[15:43:22] [Server thread/INFO]: Starting integrated minecraft server version 1.7.2
[15:43:22] [Server thread/INFO]: Generating keypair
[15:43:22] [Server thread/INFO]: Preparing start region for level 0
[15:43:23] [Server thread/INFO]: Player484[local:E:ac35eede] logged in with entity id 0 at (1.5700898313631027, 56.0, -1.5340723393427083)
[15:43:23] [Server thread/INFO]: Player484 joined the game
[15:43:28] [Server thread/INFO]: [Player484: Set own game mode to Creative Mode]
[15:43:28] [Client thread/INFO]: [CHAT] Your game mode has been updated
[15:43:39] [Server thread/INFO]: [Player484: Set own game mode to Survival Mode]
[15:43:39] [Client thread/INFO]: [CHAT] Your game mode has been updated
[15:43:55] [Server thread/INFO]: [Player484: Set own game mode to Creative Mode]
[15:43:55] [Client thread/INFO]: [CHAT] Your game mode has been updated
[15:45:29] [Server thread/INFO]: Saving and pausing game...
[15:45:29] [Server thread/INFO]: Saving chunks for level 'Test World'/Overworld
[15:45:29] [Server thread/INFO]: Saving chunks for level 'Test World'/Nether
[15:45:29] [Server thread/INFO]: Saving chunks for level 'Test World'/The End
[15:45:31] [Server thread/INFO]: Stopping server
[15:45:31] [Server thread/INFO]: Saving players
[15:45:31] [Server thread/INFO]: Saving worlds
[15:45:31] [Server thread/INFO]: Saving chunks for level 'Test World'/Overworld
[15:45:31] [Server thread/INFO]: Saving chunks for level 'Test World'/Nether
[15:45:31] [Server thread/INFO]: Saving chunks for level 'Test World'/The End
[15:45:32] [Client thread/INFO]: Stopping!
[15:49:07] [main/INFO]: Setting user: Player984
[15:49:08] [Client thread/INFO]: LWJGL Version: 2.9.0
[15:49:11] [Client thread/INFO]: Reloading ResourceManager: Default, FMLFileResourcePack:Forge Mod Loader, FMLFileResourcePack:Minecraft Forge, FMLFileResourcePack:DerpMod
[15:49:12] [Sound Library Loader/INFO]: Sound engine started
[15:49:13] [Client thread/INFO]: Created: 512x256 textures/blocks-atlas
[15:49:13] [Client thread/INFO]: Created: 256x256 textures/items-atlas
[15:49:13] [Client thread/INFO]: Reloading ResourceManager: Default, FMLFileResourcePack:Forge Mod Loader, FMLFileResourcePack:Minecraft Forge, FMLFileResourcePack:DerpMod
[15:49:13] [Client thread/INFO]: Created: 256x256 textures/items-atlas
[15:49:13] [Client thread/INFO]: Created: 512x256 textures/blocks-atlas
[15:49:14] [Sound Library Loader/INFO]: Sound engine started
[15:49:16] [MCO Availability Checker #1/ERROR]: Couldn't connect to Realms
[15:49:25] [Server thread/INFO]: Starting integrated minecraft server version 1.7.2
[15:49:25] [Server thread/INFO]: Generating keypair
[15:49:25] [Server thread/INFO]: Converting map!
[15:49:25] [Server thread/INFO]: Scanning folders...
[15:49:25] [Server thread/INFO]: Total conversion count is 0
[15:49:26] [Server thread/INFO]: Preparing start region for level 0
[15:49:27] [Server thread/INFO]: Player984[local:E:ceb11efb] logged in with entity id 13 at (979.5, 4.0, -371.5)
[15:49:27] [Server thread/INFO]: Player984 joined the game
[15:49:29] [Server thread/INFO]: Player984 has just earned the achievement [Taking Inventory]
[15:49:29] [Client thread/INFO]: [CHAT] Player984 has just earned the achievement [Taking Inventory]
[15:49:44] [Server thread/INFO]: [Player984: Set own game mode to Survival Mode]
[15:49:44] [Client thread/INFO]: [CHAT] Your game mode has been updated
[15:49:54] [Server thread/INFO]: Saving and pausing game...
[15:49:54] [Server thread/INFO]: Saving chunks for level 'New World234'/Overworld
[15:49:54] [Server thread/INFO]: Saving chunks for level 'New World234'/Nether
[15:49:54] [Server thread/INFO]: Saving chunks for level 'New World234'/The End
[15:49:55] [Server thread/INFO]: Stopping server
[15:49:55] [Server thread/INFO]: Saving players
[15:49:55] [Server thread/INFO]: Saving worlds
[15:49:55] [Server thread/INFO]: Saving chunks for level 'New World234'/Overworld
[15:49:55] [Server thread/INFO]: Saving chunks for level 'New World234'/Nether
[15:49:55] [Server thread/INFO]: Saving chunks for level 'New World234'/The End
[15:49:56] [Client thread/INFO]: Stopping!
[15:55:51] [main/INFO]: Setting user: Player515
[15:55:51] [Client thread/INFO]: LWJGL Version: 2.9.0
[15:55:54] [Client thread/INFO]: Reloading ResourceManager: Default, FMLFileResourcePack:Forge Mod Loader, FMLFileResourcePack:Minecraft Forge, FMLFileResourcePack:DerpMod
[15:55:55] [Sound Library Loader/INFO]: Sound engine started
[15:55:57] [Client thread/INFO]: Created: 512x256 textures/blocks-atlas
[15:55:57] [Client thread/INFO]: Created: 256x256 textures/items-atlas
[15:55:57] [Client thread/INFO]: Reloading ResourceManager: Default, FMLFileResourcePack:Forge Mod Loader, FMLFileResourcePack:Minecraft Forge, FMLFileResourcePack:DerpMod
[15:55:57] [Client thread/INFO]: Created: 256x256 textures/items-atlas
[15:55:57] [Client thread/INFO]: Created: 512x256 textures/blocks-atlas
[15:55:58] [Sound Library Loader/INFO]: Sound engine started
[15:55:59] [MCO Availability Checker #1/ERROR]: Couldn't connect to Realms
[15:56:03] [Client thread/INFO]: Deleting level New World234
[15:56:03] [Client thread/INFO]: Attempt 1...
[15:56:09] [Server thread/INFO]: Starting integrated minecraft server version 1.7.2
[15:56:09] [Server thread/INFO]: Generating keypair
[15:56:09] [Server thread/INFO]: Converting map!
[15:56:09] [Server thread/INFO]: Scanning folders...
[15:56:09] [Server thread/INFO]: Total conversion count is 0
[15:56:10] [Server thread/INFO]: Preparing start region for level 0
[15:56:11] [Server thread/INFO]: Player515[local:E:dc960d06] logged in with entity id 12 at (82.5, 4.0, 470.5)
[15:56:11] [Server thread/INFO]: Player515 joined the game
[15:56:13] [Server thread/INFO]: Player515 has just earned the achievement [Taking Inventory]
[15:56:13] [Client thread/INFO]: [CHAT] Player515 has just earned the achievement [Taking Inventory]
[15:56:30] [Server thread/INFO]: [Player515: Set own game mode to Survival Mode]
[15:56:30] [Client thread/INFO]: [CHAT] Your game mode has been updated
[15:56:50] [Server thread/INFO]: Saving and pausing game...
[15:56:50] [Server thread/INFO]: Saving chunks for level 'New World32424'/Overworld
[15:56:50] [Server thread/INFO]: Saving chunks for level 'New World32424'/Nether
[15:56:50] [Server thread/INFO]: Saving chunks for level 'New World32424'/The End
[15:56:52] [Server thread/INFO]: Stopping server
[15:56:52] [Server thread/INFO]: Saving players
[15:56:52] [Server thread/INFO]: Saving worlds
[15:56:52] [Server thread/INFO]: Saving chunks for level 'New World32424'/Overworld
[15:56:52] [Server thread/INFO]: Saving chunks for level 'New World32424'/Nether
[15:56:52] [Server thread/INFO]: Saving chunks for level 'New World32424'/The End
[16:01:04] [Client thread/INFO]: Stopping!
437
[15:58:56] [Client thread/INFO]: LWJGL Version: 2.9.0
[15:59:00] [Client thread/INFO]: Reloading ResourceManager: Default, FMLFileResourcePack:Forge Mod Loader, FMLFileResourcePack:Minecraft Forge, FMLFileResourcePack:DerpMod
[15:59:01] [Sound Library Loader/INFO]: Sound engine started
[15:59:02] [Client thread/INFO]: Created: 512x256 textures/blocks-atlas
[15:59:02] [Client thread/INFO]: Created: 256x256 textures/items-atlas
[15:59:02] [Client thread/INFO]: Reloading ResourceManager: Default, FMLFileResourcePack:Forge Mod Loader, FMLFileResourcePack:Minecraft Forge, FMLFileResourcePack:DerpMod
[15:59:02] [Client thread/INFO]: Created: 256x256 textures/items-atlas
[15:59:02] [Client thread/INFO]: Created: 512x256 textures/blocks-atlas
[15:59:03] [Sound Library Loader/INFO]: Sound engine started
[15:59:05] [MCO Availability Checker #1/ERROR]: Couldn't connect to Realms
[15:59:08] [Server thread/INFO]: Starting integrated minecraft server version 1.7.2
[15:59:08] [Server thread/INFO]: Generating keypair
[15:59:08] [Server thread/INFO]: Preparing start region for level 0
[15:59:09] [Server thread/INFO]: Player437[local:E:d42fc45b] logged in with entity id 193 at (83.85702040710088, 4.0, 472.10037173425803)
[15:59:09] [Server thread/INFO]: Player437 joined the game
[15:59:48] [Server thread/INFO]: Saving and pausing game...
[15:59:48] [Server thread/INFO]: Saving chunks for level 'New World32424'/Overworld
[15:59:48] [Server thread/INFO]: Saving chunks for level 'New World32424'/Nether
[15:59:48] [Server thread/INFO]: Saving chunks for level 'New World32424'/The End
[15:59:49] [Server thread/INFO]: Stopping server
[15:59:49] [Server thread/INFO]: Saving players
[15:59:49] [Server thread/INFO]: Saving worlds
[15:59:49] [Server thread/INFO]: Saving chunks for level 'New World32424'/Overworld
[15:59:49] [Server thread/INFO]: Saving chunks for level 'New World32424'/Nether
[15:59:49] [Server thread/INFO]: Saving chunks for level 'New World32424'/The End
[15:59:50] [Client thread/INFO]: Stopping!
[16:26:20] [main/INFO]: Setting user: Player593
[16:26:21] [Client thread/INFO]: LWJGL Version: 2.9.0
[16:26:24] [Client thread/INFO]: Reloading ResourceManager: Default, FMLFileResourcePack:Forge Mod Loader, FMLFileResourcePack:Minecraft Forge, FMLFileResourcePack:DerpMod
[16:26:25] [Sound Library Loader/INFO]: Sound engine started
[16:26:27] [Client thread/INFO]: Created: 512x256 textures/blocks-atlas
[16:26:27] [Client thread/INFO]: Created: 256x256 textures/items-atlas
[16:26:27] [Client thread/INFO]: Reloading ResourceManager: Default, FMLFileResourcePack:Forge Mod Loader, FMLFileResourcePack:Minecraft Forge, FMLFileResourcePack:DerpMod
[16:26:27] [Client thread/INFO]: Created: 256x256 textures/items-atlas
[16:26:27] [Client thread/INFO]: Created: 512x256 textures/blocks-atlas
[16:26:28] [Sound Library Loader/INFO]: Sound engine started
[16:26:29] [MCO Availability Checker #1/ERROR]: Couldn't connect to Realms
[16:26:36] [Server thread/INFO]: Starting integrated minecraft server version 1.7.2
[16:26:36] [Server thread/INFO]: Generating keypair
[16:26:36] [Server thread/INFO]: Preparing start region for level 0
[16:26:37] [Server thread/INFO]: Player593[local:E:82768fa1] logged in with entity id 0 at (3.155824240041095, 56.0, -0.8728289240928686)
[16:26:37] [Server thread/INFO]: Player593 joined the game
[16:26:39] [Server thread/INFO]: Player593 has just earned the achievement [Taking Inventory]
[16:26:39] [Client thread/INFO]: [CHAT] Player593 has just earned the achievement [Taking Inventory]
[16:26:50] [Client thread/ERROR]: Item entity 25875 has no item?!
[16:26:50] [Client thread/ERROR]: Item entity 27003 has no item?!
[16:26:50] [Client thread/ERROR]: Item entity 29114 has no item?!
[16:26:50] [Client thread/ERROR]: Item entity 29594 has no item?!
[16:26:50] [Client thread/ERROR]: Item entity 31368 has no item?!
[16:26:51] [Client thread/ERROR]: Item entity 32702 has no item?!
[16:26:52] [Client thread/ERROR]: Item entity 37544 has no item?!
[16:27:08] [Client thread/ERROR]: Item entity 53648 has no item?!
[16:27:08] [Client thread/ERROR]: Item entity 55032 has no item?!
[16:27:15] [Server thread/WARN]: Can't keep up! Did the system time change, or is the server overloaded? Running 2027ms behind, skipping 40 tick(s)
[16:27:16] [Server thread/INFO]: Saving and pausing game...
[16:27:16] [Server thread/INFO]: Saving chunks for level 'Test World'/Overworld
[16:27:16] [Server thread/INFO]: Saving chunks for level 'Test World'/Nether
[16:27:16] [Server thread/INFO]: Saving chunks for level 'Test World'/The End
[16:27:16] [Server thread/INFO]: Stopping server
[16:27:16] [Server thread/INFO]: Saving players
[16:27:16] [Server thread/INFO]: Saving worlds
[16:27:16] [Server thread/INFO]: Saving chunks for level 'Test World'/Overworld
[16:27:16] [Server thread/INFO]: Saving chunks for level 'Test World'/Nether
[16:27:16] [Server thread/INFO]: Saving chunks for level 'Test World'/The End
[16:27:17] [Client thread/INFO]: Stopping!
[16:28:10] [main/INFO]: Setting user: Player359
[16:28:11] [Client thread/INFO]: LWJGL Version: 2.9.0
[16:28:15] [Client thread/INFO]: Reloading ResourceManager: Default, FMLFileResourcePack:Forge Mod Loader, FMLFileResourcePack:Minecraft Forge, FMLFileResourcePack:DerpMod
[16:28:15] [Sound Library Loader/INFO]: Sound engine started
[16:28:17] [Client thread/INFO]: Created: 512x256 textures/blocks-atlas
[16:28:17] [Client thread/INFO]: Created: 256x256 textures/items-atlas
[16:28:17] [Client thread/INFO]: Reloading ResourceManager: Default, FMLFileResourcePack:Forge Mod Loader, FMLFileResourcePack:Minecraft Forge, FMLFileResourcePack:DerpMod
[16:28:17] [Client thread/INFO]: Created: 256x256 textures/items-atlas
[16:28:17] [Client thread/INFO]: Created: 512x256 textures/blocks-atlas
[16:28:18] [Sound Library Loader/INFO]: Sound engine started
[16:28:20] [MCO Availability Checker #1/ERROR]: Couldn't connect to Realms
[16:28:22] [Client thread/INFO]: Deleting level New World32424
[16:28:22] [Client thread/INFO]: Attempt 1...
[16:28:24] [Server thread/INFO]: Starting integrated minecraft server version 1.7.2
[16:28:24] [Server thread/INFO]: Generating keypair
[16:28:24] [Server thread/INFO]: Preparing start region for level 0
[16:28:25] [Server thread/INFO]: Player359[local:E:66093733] logged in with entity id 0 at (18.204667476810094, 62.514787795145395, -0.7728214963113554)
[16:28:25] [Server thread/INFO]: Player359 joined the game
[16:28:41] [Server thread/INFO]: [Player359: Set own game mode to Survival Mode]
[16:28:41] [Client thread/INFO]: [CHAT] Your game mode has been updated
[16:29:10] [Client thread/ERROR]: Item entity 3551 has no item?!
[16:29:15] [Server thread/INFO]: [Player359: Set own game mode to Creative Mode]
[16:29:15] [Client thread/INFO]: [CHAT] Your game mode has been updated
[16:29:37] [Client thread/ERROR]: Item entity 18338 has no item?!
[16:29:49] [Server thread/INFO]: Saving and pausing game...
[16:29:49] [Server thread/INFO]: Saving chunks for level 'Test World'/Overworld
[16:29:50] [Server thread/INFO]: Saving chunks for level 'Test World'/Nether
[16:29:50] [Server thread/INFO]: Saving chunks for level 'Test World'/The End
[16:29:50] [Server thread/INFO]: Stopping server
[16:29:50] [Server thread/INFO]: Saving players
[16:29:50] [Server thread/INFO]: Saving worlds
[16:29:50] [Server thread/INFO]: Saving chunks for level 'Test World'/Overworld
[16:29:50] [Server thread/INFO]: Saving chunks for level 'Test World'/Nether
[16:29:50] [Server thread/INFO]: Saving chunks for level 'Test World'/The End
[16:29:53] [Client thread/INFO]: Deleting level Test World
[16:29:53] [Client thread/INFO]: Attempt 1...
[16:29:54] [Client thread/INFO]: Stopping!
