[15:08:16] [main/INFO]: Setting user: ForgeDevName
[15:08:17] [Client thread/INFO]: LWJGL Version: 2.9.1
[15:08:26] [Client thread/INFO]: Reloading ResourceManager: Default, FMLFileResourcePack:Forge Mod Loader, FMLFileResourcePack:Minecraft Forge, FMLFileResourcePack:DerpMod
[15:08:27] [Sound Library Loader/INFO]: Sound engine started
[15:08:27] [Client thread/ERROR]: Using missing texture, unable to load minecraft:textures/blocks/MISSING_ICON_BLOCK_168_repeaterBomb.png
java.io.FileNotFoundException: minecraft:textures/blocks/MISSING_ICON_BLOCK_168_repeaterBomb.png
	at net.minecraft.client.resources.FallbackResourceManager.getResource(FallbackResourceManager.java:65) ~[FallbackResourceManager.class:?]
	at net.minecraft.client.resources.SimpleReloadableResourceManager.getResource(SimpleReloadableResourceManager.java:67) ~[SimpleReloadableResourceManager.class:?]
	at net.minecraft.client.renderer.texture.TextureMap.loadTextureAtlas(TextureMap.java:126) [TextureMap.class:?]
	at net.minecraft.client.renderer.texture.TextureMap.loadTexture(TextureMap.java:91) [TextureMap.class:?]
	at net.minecraft.client.renderer.texture.TextureManager.loadTexture(TextureManager.java:89) [TextureManager.class:?]
	at net.minecraft.client.renderer.texture.TextureManager.loadTickableTexture(TextureManager.java:71) [TextureManager.class:?]
	at net.minecraft.client.renderer.texture.TextureManager.loadTextureMap(TextureManager.java:58) [TextureManager.class:?]
	at net.minecraft.client.Minecraft.startGame(Minecraft.java:581) [Minecraft.class:?]
	at net.minecraft.client.Minecraft.run(Minecraft.java:892) [Minecraft.class:?]
	at net.minecraft.client.main.Main.main(Main.java:112) [Main.class:?]
	at sun.reflect.NativeMethodAccessorImpl.invoke0(Native Method) ~[?:1.7.0_21]
	at sun.reflect.NativeMethodAccessorImpl.invoke(NativeMethodAccessorImpl.java:57) ~[?:1.7.0_21]
	at sun.reflect.DelegatingMethodAccessorImpl.invoke(DelegatingMethodAccessorImpl.java:43) ~[?:1.7.0_21]
	at java.lang.reflect.Method.invoke(Method.java:601) ~[?:1.7.0_21]
	at net.minecraft.launchwrapper.Launch.launch(Launch.java:134) [launchwrapper-1.9.jar:?]
	at net.minecraft.launchwrapper.Launch.main(Launch.java:28) [launchwrapper-1.9.jar:?]
	at sun.reflect.NativeMethodAccessorImpl.invoke0(Native Method) ~[?:1.7.0_21]
	at sun.reflect.NativeMethodAccessorImpl.invoke(NativeMethodAccessorImpl.java:57) ~[?:1.7.0_21]
	at sun.reflect.DelegatingMethodAccessorImpl.invoke(DelegatingMethodAccessorImpl.java:43) ~[?:1.7.0_21]
	at java.lang.reflect.Method.invoke(Method.java:601) ~[?:1.7.0_21]
	at com.intellij.rt.execution.application.AppMain.main(AppMain.java:134) [idea_rt.jar:?]
[15:08:28] [Client thread/INFO]: Created: 512x256 textures/blocks-atlas
[15:08:28] [Client thread/INFO]: Created: 256x256 textures/items-atlas
[15:08:28] [Client thread/INFO]: Reloading ResourceManager: Default, FMLFileResourcePack:Forge Mod Loader, FMLFileResourcePack:Minecraft Forge, FMLFileResourcePack:DerpMod
[15:08:29] [Client thread/INFO]: Created: 256x256 textures/items-atlas
[15:08:29] [Client thread/ERROR]: Using missing texture, unable to load minecraft:textures/blocks/MISSING_ICON_BLOCK_168_repeaterBomb.png
java.io.FileNotFoundException: minecraft:textures/blocks/MISSING_ICON_BLOCK_168_repeaterBomb.png
	at net.minecraft.client.resources.FallbackResourceManager.getResource(FallbackResourceManager.java:65) ~[FallbackResourceManager.class:?]
	at net.minecraft.client.resources.SimpleReloadableResourceManager.getResource(SimpleReloadableResourceManager.java:67) ~[SimpleReloadableResourceManager.class:?]
	at net.minecraft.client.renderer.texture.TextureMap.loadTextureAtlas(TextureMap.java:126) [TextureMap.class:?]
	at net.minecraft.client.renderer.texture.TextureMap.loadTexture(TextureMap.java:91) [TextureMap.class:?]
	at net.minecraft.client.renderer.texture.TextureManager.loadTexture(TextureManager.java:89) [TextureManager.class:?]
	at net.minecraft.client.renderer.texture.TextureManager.onResourceManagerReload(TextureManager.java:170) [TextureManager.class:?]
	at net.minecraft.client.resources.SimpleReloadableResourceManager.notifyReloadListeners(SimpleReloadableResourceManager.java:134) [SimpleReloadableResourceManager.class:?]
	at net.minecraft.client.resources.SimpleReloadableResourceManager.reloadResources(SimpleReloadableResourceManager.java:118) [SimpleReloadableResourceManager.class:?]
	at net.minecraft.client.Minecraft.refreshResources(Minecraft.java:626) [Minecraft.class:?]
	at cpw.mods.fml.client.FMLClientHandler.finishMinecraftLoading(FMLClientHandler.java:303) [FMLClientHandler.class:?]
	at net.minecraft.client.Minecraft.startGame(Minecraft.java:585) [Minecraft.class:?]
	at net.minecraft.client.Minecraft.run(Minecraft.java:892) [Minecraft.class:?]
	at net.minecraft.client.main.Main.main(Main.java:112) [Main.class:?]
	at sun.reflect.NativeMethodAccessorImpl.invoke0(Native Method) ~[?:1.7.0_21]
	at sun.reflect.NativeMethodAccessorImpl.invoke(NativeMethodAccessorImpl.java:57) ~[?:1.7.0_21]
	at sun.reflect.DelegatingMethodAccessorImpl.invoke(DelegatingMethodAccessorImpl.java:43) ~[?:1.7.0_21]
	at java.lang.reflect.Method.invoke(Method.java:601) ~[?:1.7.0_21]
	at net.minecraft.launchwrapper.Launch.launch(Launch.java:134) [launchwrapper-1.9.jar:?]
	at net.minecraft.launchwrapper.Launch.main(Launch.java:28) [launchwrapper-1.9.jar:?]
	at sun.reflect.NativeMethodAccessorImpl.invoke0(Native Method) ~[?:1.7.0_21]
	at sun.reflect.NativeMethodAccessorImpl.invoke(NativeMethodAccessorImpl.java:57) ~[?:1.7.0_21]
	at sun.reflect.DelegatingMethodAccessorImpl.invoke(DelegatingMethodAccessorImpl.java:43) ~[?:1.7.0_21]
	at java.lang.reflect.Method.invoke(Method.java:601) ~[?:1.7.0_21]
	at com.intellij.rt.execution.application.AppMain.main(AppMain.java:134) [idea_rt.jar:?]
[15:08:29] [Client thread/INFO]: Created: 512x256 textures/blocks-atlas
[15:08:30] [Sound Library Loader/INFO]: Sound engine started
[15:08:31] [MCO Availability Checker #1/ERROR]: Couldn't connect to Realms
[15:08:34] [Server thread/INFO]: Starting integrated minecraft server version 1.7.2
[15:08:34] [Server thread/INFO]: Generating keypair
[15:08:35] [Server thread/INFO]: Preparing start region for level 0
[15:08:37] [Server thread/INFO]: ForgeDevName[local:E:fd23826e] logged in with entity id 28 at (-355.44603986209574, 56.0, -213.50310993603725)
[15:08:37] [Server thread/INFO]: ForgeDevName joined the game
[15:09:27] [Server thread/INFO]: Saving and pausing game...
[15:09:27] [Server thread/INFO]: Saving chunks for level 'New World'/Overworld
[15:09:27] [Server thread/INFO]: Saving chunks for level 'New World'/Nether
[15:09:27] [Server thread/INFO]: Saving chunks for level 'New World'/The End
[15:09:28] [Server thread/INFO]: Stopping server
[15:09:28] [Server thread/INFO]: Saving players
[15:09:28] [Server thread/INFO]: Saving worlds
[15:09:28] [Server thread/INFO]: Saving chunks for level 'New World'/Overworld
[15:09:28] [Server thread/INFO]: Saving chunks for level 'New World'/Nether
[15:09:28] [Server thread/INFO]: Saving chunks for level 'New World'/The End
[15:09:29] [Client thread/INFO]: Stopping!
